<?xml version="1.0" encoding="UTF-8"?>
<testng-results ignored="0" total="1" passed="1" failed="0" skipped="0">
  <reporter-output>
  </reporter-output>
  <suite started-at="2020-05-22T05:02:20Z" name="Suite" finished-at="2020-05-22T05:02:48Z" duration-ms="28351">
    <groups>
      <group name="cucumber">
        <method signature="AbstractTestNGCucumberTests.feature(cucumber.api.testng.CucumberFeatureWrapper)[pri:0, instance:ebay.ebay.TestRunner@44a59da3]" name="feature" class="cucumber.api.testng.AbstractTestNGCucumberTests"/>
      </group> <!-- cucumber -->
    </groups>
    <test started-at="2020-05-22T05:02:20Z" name="Test" finished-at="2020-05-22T05:02:48Z" duration-ms="28351">
      <class name="ebay.ebay.TestRunner">
        <test-method is-config="true" signature="setUpClass()[pri:0, instance:ebay.ebay.TestRunner@44a59da3]" started-at="2020-05-22T05:02:20Z" name="setUpClass" finished-at="2020-05-22T05:02:21Z" duration-ms="824" status="PASS">
          <reporter-output>
          </reporter-output>
        </test-method> <!-- setUpClass -->
        <test-method signature="feature(cucumber.api.testng.CucumberFeatureWrapper)[pri:0, instance:ebay.ebay.TestRunner@44a59da3]" started-at="2020-05-22T05:02:21Z" name="feature" description="Runs Cucumber Feature" data-provider="features" finished-at="2020-05-22T05:02:48Z" duration-ms="27120" status="PASS">
          <params>
            <param index="0">
              <value>
                <![CDATA[Register]]>
              </value>
            </param>
          </params>
          <reporter-output>
          </reporter-output>
        </test-method> <!-- feature -->
        <test-method is-config="true" signature="tearDownClass()[pri:0, instance:ebay.ebay.TestRunner@44a59da3]" started-at="2020-05-22T05:02:48Z" name="tearDownClass" finished-at="2020-05-22T05:02:48Z" duration-ms="32" status="PASS">
          <reporter-output>
          </reporter-output>
        </test-method> <!-- tearDownClass -->
      </class> <!-- ebay.ebay.TestRunner -->
    </test> <!-- Test -->
  </suite> <!-- Suite -->
</testng-results>
